<?xml version="1.0" encoding="UTF-8"?>
<testsuite xmlns:xsi="http://www.w3.org/2001/XMLSchema-instance" xsi:noNamespaceSchemaLocation="https://maven.apache.org/surefire/maven-surefire-plugin/xsd/surefire-test-report-3.0.xsd" version="3.0" name="TestSuite" time="2.015" tests="6" errors="0" skipped="0" failures="0">
  <properties>
    <property name="sun.desktop" value="windows"/>
    <property name="awt.toolkit" value="sun.awt.windows.WToolkit"/>
    <property name="java.specification.version" value="11"/>
    <property name="sun.cpu.isalist" value="amd64"/>
    <property name="sun.jnu.encoding" value="Cp1252"/>
    <property name="java.class.path" value="C:\Personal\Technical\Learnings\eclipse Projects\Learn_maven\jenkin_extent_maven\target\test-classes;C:\Personal\Technical\Learnings\eclipse Projects\Learn_maven\jenkin_extent_maven\target\classes;C:\Users\ns4538\.m2\repository\org\testng\testng\7.1.0\testng-7.1.0.jar;C:\Users\ns4538\.m2\repository\com\beust\jcommander\1.72\jcommander-1.72.jar;C:\Users\ns4538\.m2\repository\com\google\inject\guice\4.1.0\guice-4.1.0-no_aop.jar;C:\Users\ns4538\.m2\repository\javax\inject\javax.inject\1\javax.inject-1.jar;C:\Users\ns4538\.m2\repository\aopalliance\aopalliance\1.0\aopalliance-1.0.jar;C:\Users\ns4538\.m2\repository\com\google\guava\guava\19.0\guava-19.0.jar;C:\Users\ns4538\.m2\repository\org\yaml\snakeyaml\1.21\snakeyaml-1.21.jar;C:\Users\ns4538\.m2\repository\com\relevantcodes\extentreports\2.41.2\extentreports-2.41.2.jar;C:\Users\ns4538\.m2\repository\org\jsoup\jsoup\1.8.3\jsoup-1.8.3.jar;C:\Users\ns4538\.m2\repository\org\xerial\sqlite-jdbc\3.8.11.1\sqlite-jdbc-3.8.11.1.jar;C:\Users\ns4538\.m2\repository\org\freemarker\freemarker\2.3.23\freemarker-2.3.23.jar;C:\Users\ns4538\.m2\repository\org\mongodb\mongodb-driver\3.0.4\mongodb-driver-3.0.4.jar;C:\Users\ns4538\.m2\repository\org\mongodb\bson\3.0.4\bson-3.0.4.jar;C:\Users\ns4538\.m2\repository\org\mongodb\mongodb-driver-core\3.0.4\mongodb-driver-core-3.0.4.jar;"/>
    <property name="java.vm.vendor" value="Oracle Corporation"/>
    <property name="sun.arch.data.model" value="64"/>
    <property name="user.variant" value=""/>
    <property name="java.vendor.url" value="https://openjdk.java.net/"/>
    <property name="user.timezone" value="Asia/Calcutta"/>
    <property name="java.vm.specification.version" value="11"/>
    <property name="os.name" value="Windows 10"/>
    <property name="sun.java.launcher" value="SUN_STANDARD"/>
    <property name="user.country" value="US"/>
    <property name="sun.boot.library.path" value="C:\Program Files\Java\jdk-11.0.8\bin"/>
    <property name="sun.java.command" value="C:\Users\ns4538\AppData\Local\Temp\surefire1960218598417996758\surefirebooter10837947703198983067.jar C:\Users\ns4538\AppData\Local\Temp\surefire1960218598417996758 2020-11-25T10-16-23_270-jvmRun1 surefire13091026649999338042tmp surefire_05643795661735775718tmp"/>
    <property name="jdk.debug" value="release"/>
    <property name="surefire.test.class.path" value="C:\Personal\Technical\Learnings\eclipse Projects\Learn_maven\jenkin_extent_maven\target\test-classes;C:\Personal\Technical\Learnings\eclipse Projects\Learn_maven\jenkin_extent_maven\target\classes;C:\Users\ns4538\.m2\repository\org\testng\testng\7.1.0\testng-7.1.0.jar;C:\Users\ns4538\.m2\repository\com\beust\jcommander\1.72\jcommander-1.72.jar;C:\Users\ns4538\.m2\repository\com\google\inject\guice\4.1.0\guice-4.1.0-no_aop.jar;C:\Users\ns4538\.m2\repository\javax\inject\javax.inject\1\javax.inject-1.jar;C:\Users\ns4538\.m2\repository\aopalliance\aopalliance\1.0\aopalliance-1.0.jar;C:\Users\ns4538\.m2\repository\com\google\guava\guava\19.0\guava-19.0.jar;C:\Users\ns4538\.m2\repository\org\yaml\snakeyaml\1.21\snakeyaml-1.21.jar;C:\Users\ns4538\.m2\repository\com\relevantcodes\extentreports\2.41.2\extentreports-2.41.2.jar;C:\Users\ns4538\.m2\repository\org\jsoup\jsoup\1.8.3\jsoup-1.8.3.jar;C:\Users\ns4538\.m2\repository\org\xerial\sqlite-jdbc\3.8.11.1\sqlite-jdbc-3.8.11.1.jar;C:\Users\ns4538\.m2\repository\org\freemarker\freemarker\2.3.23\freemarker-2.3.23.jar;C:\Users\ns4538\.m2\repository\org\mongodb\mongodb-driver\3.0.4\mongodb-driver-3.0.4.jar;C:\Users\ns4538\.m2\repository\org\mongodb\bson\3.0.4\bson-3.0.4.jar;C:\Users\ns4538\.m2\repository\org\mongodb\mongodb-driver-core\3.0.4\mongodb-driver-core-3.0.4.jar;"/>
    <property name="sun.cpu.endian" value="little"/>
    <property name="user.home" value="C:\Users\ns4538"/>
    <property name="user.language" value="en"/>
    <property name="java.specification.vendor" value="Oracle Corporation"/>
    <property name="java.version.date" value="2020-07-14"/>
    <property name="java.home" value="C:\Program Files\Java\jdk-11.0.8"/>
    <property name="file.separator" value="\"/>
    <property name="basedir" value="C:\Personal\Technical\Learnings\eclipse Projects\Learn_maven\jenkin_extent_maven"/>
    <property name="java.vm.compressedOopsMode" value="Zero based"/>
    <property name="line.separator" value="&#10;"/>
    <property name="java.specification.name" value="Java Platform API Specification"/>
    <property name="java.vm.specification.vendor" value="Oracle Corporation"/>
    <property name="java.awt.graphicsenv" value="sun.awt.Win32GraphicsEnvironment"/>
    <property name="surefire.real.class.path" value="C:\Users\ns4538\AppData\Local\Temp\surefire1960218598417996758\surefirebooter10837947703198983067.jar"/>
    <property name="user.script" value=""/>
    <property name="sun.management.compiler" value="HotSpot 64-Bit Tiered Compilers"/>
    <property name="java.runtime.version" value="11.0.8+10-LTS"/>
    <property name="user.name" value="NS4538"/>
    <property name="path.separator" value=";"/>
    <property name="os.version" value="10.0"/>
    <property name="java.runtime.name" value="Java(TM) SE Runtime Environment"/>
    <property name="file.encoding" value="Cp1252"/>
    <property name="secondnum" value="1"/>
    <property name="num1" value="4"/>
    <property name="java.vm.name" value="Java HotSpot(TM) 64-Bit Server VM"/>
    <property name="java.vendor.version" value="18.9"/>
    <property name="num2" value="1"/>
    <property name="localRepository" value="C:\Users\ns4538\.m2\repository"/>
    <property name="java.vendor.url.bug" value="https://bugreport.java.com/bugreport/"/>
    <property name="java.io.tmpdir" value="C:\Users\ns4538\AppData\Local\Temp\"/>
    <property name="java.version" value="11.0.8"/>
    <property name="user.dir" value="C:\Personal\Technical\Learnings\eclipse Projects\Learn_maven\jenkin_extent_maven"/>
    <property name="os.arch" value="amd64"/>
    <property name="java.vm.specification.name" value="Java Virtual Machine Specification"/>
    <property name="java.awt.printerjob" value="sun.awt.windows.WPrinterJob"/>
    <property name="sun.os.patch.level" value=""/>
    <property name="firstnum" value="4"/>
    <property name="java.library.path" value="C:\Program Files\Java\jdk-11.0.8\bin;C:\WINDOWS\Sun\Java\bin;C:\WINDOWS\system32;C:\WINDOWS;C:/Program Files/Java/jre1.8.0_271/bin/server;C:/Program Files/Java/jre1.8.0_271/bin;C:/Program Files/Java/jre1.8.0_271/lib/amd64;C:\Program Files\Common Files\Oracle\Java\javapath;C:\Program Files (x86)\Common Files\Oracle\Java\javapath;C:\WINDOWS\CCM\;C:\WINDOWS\system32;C:\WINDOWS;C:\WINDOWS\System32\Wbem;C:\WINDOWS\System32\WindowsPowerShell\v1.0\;C:\WINDOWS\System32\OpenSSH\;C:\WINDOWS\system32\config\systemprofile\AppData\Local\Microsoft\WindowsApps;C:\Program Files (x86)\Adaptiva\AdaptivaClient\bin\x32;C:\Program Files (x86)\Adaptiva\AdaptivaClient\bin\x64;C:\Program Files (x86)\Intel\Intel(R) Management Engine Components\DAL;C:\Program Files\Intel\Intel(R) Management Engine Components\DAL;C:\Program Files\TortoiseHg\;C:\Program Files\Java\jdk-11.0.8\bin;C:\Program Files\apache-maven-3.6.3-bin\apache-maven-3.6.3\bin;;C:\Program Files\Docker\Docker\resources\bin;C:\ProgramData\DockerDesktop\version-bin;C:\Users\ns4538\AppData\Local\Microsoft\WindowsApps;;C:\Program Files\JetBrains\PyCharm 2019.2.3\bin;;C:\Users\ns4538\Downloads\eclipse-java-2019-06-R-win32-x86_64\eclipse;;."/>
    <property name="java.vendor" value="Oracle Corporation"/>
    <property name="java.vm.info" value="mixed mode"/>
    <property name="java.vm.version" value="11.0.8+10-LTS"/>
    <property name="sun.io.unicode.encoding" value="UnicodeLittle"/>
    <property name="java.class.version" value="55.0"/>
  </properties>
  <testcase name="Rtest1" classname="extent_report.test_report1" time="0.01">
    <system-out><![CDATA[I am in Rtest1
]]></system-out>
  </testcase>
  <testcase name="Rtest2" classname="extent_report.test_report1" time="0">
    <system-out><![CDATA[I am in Rtest2
]]></system-out>
  </testcase>
  <testcase name="Rtest3" classname="extent_report.test_report1" time="0.004">
    <system-out><![CDATA[I am in Rtest3
]]></system-out>
  </testcase>
  <testcase name="test1[4, 1](1)" classname="extent_report.test_report" time="0">
    <system-out><![CDATA[I am in test1
]]></system-out>
  </testcase>
  <testcase name="test2" classname="extent_report.test_report" time="0.003">
    <system-out><![CDATA[I am in test2
]]></system-out>
  </testcase>
  <testcase name="test3" classname="extent_report.test_report" time="0.003">
    <system-out><![CDATA[I am in test3
]]></system-out>
  </testcase>
</testsuite>