<?xml version="1.0" encoding="UTF-8"?>
<!-- Generated by org.testng.reporters.JUnitReportReporter -->
<testsuite hostname="INBAN5CG8441LZD" failures="0" tests="3" name="extent_report.test_report1" time="0.551" errors="0" timestamp="2020-11-25T10:16:26 IST" skipped="0">
  <testcase classname="extent_report.test_report1" name="Rtest1" time="0.360"/>
  <system-out/>
  <testcase classname="extent_report.test_report1" name="Rtest2" time="0.127"/>
  <system-out/>
  <testcase classname="extent_report.test_report1" name="Rtest3" time="0.064"/>
  <system-out/>
</testsuite> <!-- extent_report.test_report1 -->
