<?xml version="1.0" encoding="UTF-8"?>
<!-- Generated by org.testng.reporters.JUnitReportReporter -->
<testsuite hostname="INBAN5CG8441LZD" failures="0" tests="3" name="extent_report.test_report" time="0.241" errors="0" timestamp="2020-11-25T10:16:26 IST" skipped="0">
  <testcase classname="extent_report.test_report" name="test2" time="0.093"/>
  <system-out/>
  <testcase classname="extent_report.test_report" name="test1" time="0.065"/>
  <system-out/>
  <testcase classname="extent_report.test_report" name="test3" time="0.083"/>
  <system-out/>
</testsuite> <!-- extent_report.test_report -->
